c:\users\student\google 드라이브\2_동아리,학회 및 활동\ssafy\알고리즘 준비\code\c++\ssafy-pc-code\x64\debug\vc141.pdb
c:\users\student\google 드라이브\2_동아리,학회 및 활동\ssafy\알고리즘 준비\code\c++\ssafy-pc-code\x64\debug\vc141.idb
c:\users\student\google 드라이브\2_동아리,학회 및 활동\ssafy\알고리즘 준비\code\c++\ssafy-pc-code\x64\debug\boj-11657.obj
c:\users\student\google 드라이브\2_동아리,학회 및 활동\ssafy\알고리즘 준비\code\c++\ssafy-pc-code\x64\debug\boj-1717.obj
c:\users\student\google 드라이브\2_동아리,학회 및 활동\ssafy\알고리즘 준비\code\c++\ssafy-pc-code\x64\debug\boj-2606-union.obj
c:\users\student\google 드라이브\2_동아리,학회 및 활동\ssafy\알고리즘 준비\code\c++\ssafy-pc-code\x64\debug\boj-2606-graph.obj
c:\users\student\google 드라이브\2_동아리,학회 및 활동\ssafy\알고리즘 준비\code\c++\x64\debug\ssafy-pc-code.exe
c:\users\student\google 드라이브\2_동아리,학회 및 활동\ssafy\알고리즘 준비\code\c++\x64\debug\ssafy-pc-code.ilk
c:\users\student\google 드라이브\2_동아리,학회 및 활동\ssafy\알고리즘 준비\code\c++\x64\debug\ssafy-pc-code.pdb
c:\users\student\google 드라이브\2_동아리,학회 및 활동\ssafy\알고리즘 준비\code\c++\ssafy-pc-code\x64\debug\boj-1018.obj
c:\users\student\google 드라이브\2_동아리,학회 및 활동\ssafy\알고리즘 준비\code\c++\ssafy-pc-code\x64\debug\boj-1022.obj
c:\users\student\google 드라이브\2_동아리,학회 및 활동\ssafy\알고리즘 준비\code\c++\ssafy-pc-code\x64\debug\boj-1057.obj
c:\users\student\google 드라이브\2_동아리,학회 및 활동\ssafy\알고리즘 준비\code\c++\ssafy-pc-code\x64\debug\boj-14891.obj
c:\users\student\google 드라이브\2_동아리,학회 및 활동\ssafy\알고리즘 준비\code\c++\ssafy-pc-code\x64\debug\boj-1526.obj
c:\users\student\google 드라이브\2_동아리,학회 및 활동\ssafy\알고리즘 준비\code\c++\ssafy-pc-code\x64\debug\boj-15685.obj
c:\users\student\google 드라이브\2_동아리,학회 및 활동\ssafy\알고리즘 준비\code\c++\ssafy-pc-code\x64\debug\boj-1922.obj
c:\users\student\google 드라이브\2_동아리,학회 및 활동\ssafy\알고리즘 준비\code\c++\ssafy-pc-code\x64\debug\boj-2422-incorr.obj
c:\users\student\google 드라이브\2_동아리,학회 및 활동\ssafy\알고리즘 준비\code\c++\ssafy-pc-code\x64\debug\boj-2422.obj
c:\users\student\google 드라이브\2_동아리,학회 및 활동\ssafy\알고리즘 준비\code\c++\ssafy-pc-code\x64\debug\boj-5397-incorr.obj
c:\users\student\google 드라이브\2_동아리,학회 및 활동\ssafy\알고리즘 준비\code\c++\ssafy-pc-code\x64\debug\boj-5397.obj
c:\users\student\google 드라이브\2_동아리,학회 및 활동\ssafy\알고리즘 준비\code\c++\ssafy-pc-code\x64\debug\stringtest.obj
c:\users\student\google 드라이브\2_동아리,학회 및 활동\ssafy\알고리즘 준비\code\c++\ssafy-pc-code\x64\debug\test.obj
c:\users\student\google 드라이브\2_동아리,학회 및 활동\ssafy\알고리즘 준비\code\c++\ssafy-pc-code\x64\debug\ssafy-pc-code.tlog\cl.command.1.tlog
c:\users\student\google 드라이브\2_동아리,학회 및 활동\ssafy\알고리즘 준비\code\c++\ssafy-pc-code\x64\debug\ssafy-pc-code.tlog\cl.read.1.tlog
c:\users\student\google 드라이브\2_동아리,학회 및 활동\ssafy\알고리즘 준비\code\c++\ssafy-pc-code\x64\debug\ssafy-pc-code.tlog\cl.write.1.tlog
c:\users\student\google 드라이브\2_동아리,학회 및 활동\ssafy\알고리즘 준비\code\c++\ssafy-pc-code\x64\debug\ssafy-pc-code.tlog\link.command.1.tlog
c:\users\student\google 드라이브\2_동아리,학회 및 활동\ssafy\알고리즘 준비\code\c++\ssafy-pc-code\x64\debug\ssafy-pc-code.tlog\link.read.1.tlog
c:\users\student\google 드라이브\2_동아리,학회 및 활동\ssafy\알고리즘 준비\code\c++\ssafy-pc-code\x64\debug\ssafy-pc-code.tlog\link.write.1.tlog
